This file contains any messages produced by compilers while
running configure, to aid debugging if configure makes a mistake.

It was created by RevoHBase configure 0.2, which was
generated by GNU Autoconf 2.59.  Invocation command line was

  $ ./configure 

## --------- ##
## Platform. ##
## --------- ##

hostname = li155-187
uname -m = i686
uname -r = 2.6.38.3-linode32
uname -s = Linux
uname -v = #1 SMP Thu Apr 21 20:08:53 UTC 2011

/usr/bin/uname -p = unknown
/bin/uname -X     = unknown

/bin/arch              = unknown
/usr/bin/arch -k       = unknown
/usr/convex/getsysinfo = unknown
hostinfo               = unknown
/bin/machine           = unknown
/usr/bin/oslevel       = unknown
/bin/universe          = unknown

PATH: /usr/local/sbin
PATH: /usr/local/bin
PATH: /usr/sbin
PATH: /usr/bin
PATH: /sbin
PATH: /bin
PATH: /usr/games


## ----------- ##
## Core tests. ##
## ----------- ##


## ---------------- ##
## Cache variables. ##
## ---------------- ##

ac_cv_env_build_alias_set=
ac_cv_env_build_alias_value=
ac_cv_env_host_alias_set=
ac_cv_env_host_alias_value=
ac_cv_env_target_alias_set=
ac_cv_env_target_alias_value=

## ----------------- ##
## Output variables. ##
## ----------------- ##

DEFS=''
ECHO_C=''
ECHO_N='-n'
ECHO_T=''
LIBS=''
PACKAGE_BUGREPORT='revolutionanalytics'
PACKAGE_NAME='RevoHBase'
PACKAGE_STRING='RevoHBase 0.2'
PACKAGE_TARNAME='revohbase'
PACKAGE_VERSION='0.2'
PATH_SEPARATOR=':'
SHELL='/bin/bash'
bindir='${exec_prefix}/bin'
build_alias=''
datadir='${prefix}/share'
exec_prefix='NONE'
host_alias=''
includedir='${prefix}/include'
infodir='${prefix}/info'
libdir='${exec_prefix}/lib'
libexecdir='${exec_prefix}/libexec'
localstatedir='${prefix}/var'
mandir='${prefix}/man'
oldincludedir='/usr/include'
prefix='NONE'
program_transform_name='s,x,x,'
sbindir='${exec_prefix}/sbin'
sharedstatedir='${prefix}/com'
sysconfdir='${prefix}/etc'
target_alias=''

## ----------- ##
## confdefs.h. ##
## ----------- ##

#define PACKAGE_BUGREPORT "revolutionanalytics"
#define PACKAGE_NAME "RevoHBase"
#define PACKAGE_STRING "RevoHBase 0.2"
#define PACKAGE_TARNAME "revohbase"
#define PACKAGE_VERSION "0.2"

configure: exit 0
